<?xml version="1.0" encoding="UTF-8"?>
<!-- Generated by org.testng.reporters.JUnitReportReporter -->
<testsuite skipped="0" hostname="Lenovo-PC" name="com.Project.Main.FlightSearchTest" tests="1" failures="0" timestamp="19 Aug 2020 10:54:04 GMT" time="8.462" errors="0">
  <testcase name="flightSearch" time="8.462" classname="com.Project.Main.FlightSearchTest"/>
</testsuite> <!-- com.Project.Main.FlightSearchTest -->
