<?xml version="1.0" encoding="UTF-8"?>
<!-- Generated by org.testng.reporters.JUnitReportReporter -->
<testsuite skipped="1" hostname="Lenovo-PC" name="com.Project.Utility.TestNGExample" tests="1" failures="0" timestamp="20 Aug 2020 12:37:18 GMT" time="0.000" errors="0">
  <testcase name="TestMethodforClass" time="0.000" classname="com.Project.Utility.TestNGExample">
    <skipped/>
  </testcase> <!-- TestMethodforClass -->
</testsuite> <!-- com.Project.Utility.TestNGExample -->
