<?xml version="1.0" encoding="UTF-8"?>
<!-- Generated by org.testng.reporters.JUnitReportReporter -->
<testsuite skipped="0" hostname="Lenovo-PC" name="com.Project.Main.FistTestCase" tests="1" failures="0" timestamp="19 Aug 2020 09:33:56 GMT" time="6.928" errors="0">
  <testcase name="f" time="6.928" classname="com.Project.Main.FistTestCase"/>
</testsuite> <!-- com.Project.Main.FistTestCase -->
