<?xml version="1.0" encoding="UTF-8"?>
<!-- Generated by org.testng.reporters.JUnitReportReporter -->
<testsuite skipped="0" hostname="Lenovo-PC" name="com.Project.Main.LoginPageTest" tests="4" failures="0" timestamp="21 Aug 2020 08:26:31 GMT" time="5.939" errors="0">
  <testcase name="signUp" time="0.707" classname="com.Project.Main.LoginPageTest"/>
  <testcase name="login" time="3.710" classname="com.Project.Main.LoginPageTest"/>
  <testcase name="login" time="0.737" classname="com.Project.Main.LoginPageTest"/>
  <testcase name="login" time="0.785" classname="com.Project.Main.LoginPageTest"/>
</testsuite> <!-- com.Project.Main.LoginPageTest -->
