<?xml version="1.0" encoding="UTF-8"?>
<!-- Generated by org.testng.reporters.JUnitReportReporter -->
<testsuite skipped="0" hostname="Lenovo-PC" name="com.Project.Main.LoginPage" tests="4" failures="0" timestamp="25 Aug 2020 09:01:22 GMT" time="4.515" errors="0">
  <testcase name="signup" time="1.815" classname="com.Project.Main.LoginPage"/>
  <testcase name="signup" time="0.985" classname="com.Project.Main.LoginPage"/>
  <testcase name="login" time="0.951" classname="com.Project.Main.LoginPage"/>
  <testcase name="signup" time="0.764" classname="com.Project.Main.LoginPage"/>
</testsuite> <!-- com.Project.Main.LoginPage -->
