<?xml version="1.0" encoding="UTF-8"?>
<!-- Generated by org.testng.reporters.JUnitReportReporter -->
<testsuite skipped="0" hostname="Lenovo-PC" name="com.Project.Main.LoginPage" tests="4" failures="0" timestamp="26 Aug 2020 11:09:32 GMT" time="7.335" errors="0">
  <testcase name="signup" time="1.466" classname="com.Project.Main.LoginPage"/>
  <testcase name="signup" time="1.210" classname="com.Project.Main.LoginPage"/>
  <testcase name="signup" time="2.787" classname="com.Project.Main.LoginPage"/>
  <testcase name="login" time="1.872" classname="com.Project.Main.LoginPage"/>
</testsuite> <!-- com.Project.Main.LoginPage -->
